<?xml version="1.0" encoding="UTF-8"?>
<testng-results ignored="0" total="1" passed="1" failed="0" skipped="0">
  <reporter-output>
  </reporter-output>
  <suite started-at="2024-11-28T09:54:22Z" name="Default suite" finished-at="2024-11-28T09:54:27Z" duration-ms="5603">
    <groups>
      <group name="regression">
        <method signature="HomeTest.homescreen()[pri:0, instance:com.tests.HomeTest@47c81abf]" name="homescreen" class="com.tests.HomeTest"/>
      </group> <!-- regression -->
      <group name="sanity">
        <method signature="HomeTest.homescreen()[pri:0, instance:com.tests.HomeTest@47c81abf]" name="homescreen" class="com.tests.HomeTest"/>
      </group> <!-- sanity -->
    </groups>
    <test started-at="2024-11-28T09:54:22Z" name="Default test" finished-at="2024-11-28T09:54:27Z" duration-ms="5603">
      <class name="com.tests.HomeTest">
        <test-method is-config="true" signature="setup()[pri:0, instance:com.tests.HomeTest@47c81abf]" started-at="2024-11-28T09:54:14Z" name="setup" finished-at="2024-11-28T09:54:22Z" duration-ms="8004" status="PASS">
          <reporter-output>
          </reporter-output>
        </test-method> <!-- setup -->
        <test-method signature="homescreen()[pri:0, instance:com.tests.HomeTest@47c81abf]" started-at="2024-11-28T09:54:22Z" name="homescreen" finished-at="2024-11-28T09:54:27Z" duration-ms="5539" status="PASS">
          <reporter-output>
          </reporter-output>
        </test-method> <!-- homescreen -->
      </class> <!-- com.tests.HomeTest -->
    </test> <!-- Default test -->
  </suite> <!-- Default suite -->
</testng-results>
