<?xml version="1.0" encoding="UTF-8"?>
<testng-results ignored="0" total="1" passed="1" failed="0" skipped="0">
  <reporter-output>
  </reporter-output>
  <suite started-at="2024-08-28T15:11:07Z" name="Default suite" finished-at="2024-08-28T15:11:54Z" duration-ms="47200">
    <groups>
      <group name="regression">
        <method signature="LoginTest.homescreen()[pri:0, instance:com.tests.LoginTest@47c81abf]" name="homescreen" class="com.tests.LoginTest"/>
      </group> <!-- regression -->
      <group name="sanity">
        <method signature="LoginTest.homescreen()[pri:0, instance:com.tests.LoginTest@47c81abf]" name="homescreen" class="com.tests.LoginTest"/>
      </group> <!-- sanity -->
    </groups>
    <test started-at="2024-08-28T15:11:07Z" name="Default test" finished-at="2024-08-28T15:11:54Z" duration-ms="47200">
      <class name="com.tests.LoginTest">
        <test-method is-config="true" signature="setup()[pri:0, instance:com.tests.LoginTest@47c81abf]" started-at="2024-08-28T15:10:56Z" name="setup" finished-at="2024-08-28T15:11:07Z" duration-ms="11059" status="PASS">
          <reporter-output>
          </reporter-output>
        </test-method> <!-- setup -->
        <test-method signature="homescreen()[pri:0, instance:com.tests.LoginTest@47c81abf]" started-at="2024-08-28T15:11:07Z" name="homescreen" finished-at="2024-08-28T15:11:54Z" duration-ms="47159" status="PASS">
          <reporter-output>
          </reporter-output>
        </test-method> <!-- homescreen -->
      </class> <!-- com.tests.LoginTest -->
    </test> <!-- Default test -->
  </suite> <!-- Default suite -->
</testng-results>
